Determining if the pthread_create exist failed with the following output:
Change Dir: /home/mengjiao/Desktop/project/DifferentialVolumeRendering/build/CMakeFiles/CMakeTmp

Run Build Command:"/usr/bin/make" "cmTC_50879/fast"
/usr/bin/make -f CMakeFiles/cmTC_50879.dir/build.make CMakeFiles/cmTC_50879.dir/build
make[1]: Entering directory '/home/mengjiao/Desktop/project/DifferentialVolumeRendering/build/CMakeFiles/CMakeTmp'
Building C object CMakeFiles/cmTC_50879.dir/CheckSymbolExists.c.o
/usr/bin/cc    -o CMakeFiles/cmTC_50879.dir/CheckSymbolExists.c.o   -c /home/mengjiao/Desktop/project/DifferentialVolumeRendering/build/CMakeFiles/CMakeTmp/CheckSymbolExists.c
Linking C executable cmTC_50879
/usr/bin/cmake -E cmake_link_script CMakeFiles/cmTC_50879.dir/link.txt --verbose=1
/usr/bin/cc        CMakeFiles/cmTC_50879.dir/CheckSymbolExists.c.o  -o cmTC_50879 
/usr/bin/ld: CMakeFiles/cmTC_50879.dir/CheckSymbolExists.c.o: in function `main':
CheckSymbolExists.c:(.text+0x1b): undefined reference to `pthread_create'
collect2: error: ld returned 1 exit status
make[1]: *** [CMakeFiles/cmTC_50879.dir/build.make:87: cmTC_50879] Error 1
make[1]: Leaving directory '/home/mengjiao/Desktop/project/DifferentialVolumeRendering/build/CMakeFiles/CMakeTmp'
make: *** [Makefile:121: cmTC_50879/fast] Error 2

File /home/mengjiao/Desktop/project/DifferentialVolumeRendering/build/CMakeFiles/CMakeTmp/CheckSymbolExists.c:
/* */
#include <pthread.h>

int main(int argc, char** argv)
{
  (void)argv;
#ifndef pthread_create
  return ((int*)(&pthread_create))[argc];
#else
  (void)argc;
  return 0;
#endif
}

